[3.182s] Invoking command in '/home/pi/ros_with_controller/src/second_pubsub': PYTHONPATH=/home/pi/ros_with_controller/src/second_pubsub/build/second_pubsub/prefix_override:/usr/lib/python3/dist-packages/colcon_core/task/python/colcon_distutils_commands:/home/pi/ros_with_controller/src/second_pubsub/install/second_pubsub/lib/python3.10/site-packages:${PYTHONPATH} /usr/bin/python3 -W ignore:setup.py install is deprecated -W ignore:easy_install command is deprecated setup.py egg_info --egg-base build/second_pubsub build --build-base /home/pi/ros_with_controller/src/second_pubsub/build/second_pubsub/build install --record /home/pi/ros_with_controller/src/second_pubsub/build/second_pubsub/install.log --single-version-externally-managed install_data
[4.569s] running egg_info
[4.572s] writing build/second_pubsub/second_pubsub.egg-info/PKG-INFO
[4.574s] writing dependency_links to build/second_pubsub/second_pubsub.egg-info/dependency_links.txt
[4.576s] writing entry points to build/second_pubsub/second_pubsub.egg-info/entry_points.txt
[4.577s] writing requirements to build/second_pubsub/second_pubsub.egg-info/requires.txt
[4.579s] writing top-level names to build/second_pubsub/second_pubsub.egg-info/top_level.txt
[4.589s] reading manifest file 'build/second_pubsub/second_pubsub.egg-info/SOURCES.txt'
[4.597s] writing manifest file 'build/second_pubsub/second_pubsub.egg-info/SOURCES.txt'
[4.598s] running build
[4.598s] running build_py
[4.599s] copying second_pubsub/talker3.py -> /home/pi/ros_with_controller/src/second_pubsub/build/second_pubsub/build/lib/second_pubsub
[4.602s] running install
[4.603s] running install_lib
[4.609s] copying /home/pi/ros_with_controller/src/second_pubsub/build/second_pubsub/build/lib/second_pubsub/talker3.py -> /home/pi/ros_with_controller/src/second_pubsub/install/second_pubsub/lib/python3.10/site-packages/second_pubsub
[4.613s] byte-compiling /home/pi/ros_with_controller/src/second_pubsub/install/second_pubsub/lib/python3.10/site-packages/second_pubsub/talker3.py to talker3.cpython-310.pyc
[4.617s] running install_data
[4.618s] running install_egg_info
[4.627s] removing '/home/pi/ros_with_controller/src/second_pubsub/install/second_pubsub/lib/python3.10/site-packages/second_pubsub-0.0.0-py3.10.egg-info' (and everything under it)
[4.629s] Copying build/second_pubsub/second_pubsub.egg-info to /home/pi/ros_with_controller/src/second_pubsub/install/second_pubsub/lib/python3.10/site-packages/second_pubsub-0.0.0-py3.10.egg-info
[4.636s] running install_scripts
[4.742s] Installing listner script to /home/pi/ros_with_controller/src/second_pubsub/install/second_pubsub/lib/second_pubsub
[4.743s] Installing talker script to /home/pi/ros_with_controller/src/second_pubsub/install/second_pubsub/lib/second_pubsub
[4.745s] writing list of installed files to '/home/pi/ros_with_controller/src/second_pubsub/build/second_pubsub/install.log'
[4.910s] Invoked command in '/home/pi/ros_with_controller/src/second_pubsub' returned '0': PYTHONPATH=/home/pi/ros_with_controller/src/second_pubsub/build/second_pubsub/prefix_override:/usr/lib/python3/dist-packages/colcon_core/task/python/colcon_distutils_commands:/home/pi/ros_with_controller/src/second_pubsub/install/second_pubsub/lib/python3.10/site-packages:${PYTHONPATH} /usr/bin/python3 -W ignore:setup.py install is deprecated -W ignore:easy_install command is deprecated setup.py egg_info --egg-base build/second_pubsub build --build-base /home/pi/ros_with_controller/src/second_pubsub/build/second_pubsub/build install --record /home/pi/ros_with_controller/src/second_pubsub/build/second_pubsub/install.log --single-version-externally-managed install_data
