[2.840s] Invoking command in '/home/pi/ros2_ws/src/py_pubsub': PYTHONPATH=/home/pi/ros2_ws/build/py_pubsub/prefix_override:/usr/lib/python3/dist-packages/colcon_core/task/python/colcon_distutils_commands:/home/pi/ros2_ws/install/py_pubsub/lib/python3.10/site-packages:${PYTHONPATH} /usr/bin/python3 -W ignore:setup.py install is deprecated -W ignore:easy_install command is deprecated setup.py egg_info --egg-base ../../build/py_pubsub build --build-base /home/pi/ros2_ws/build/py_pubsub/build install --record /home/pi/ros2_ws/build/py_pubsub/install.log --single-version-externally-managed install_data
[3.972s] running egg_info
[3.975s] writing ../../build/py_pubsub/py_pubsub.egg-info/PKG-INFO
[3.978s] writing dependency_links to ../../build/py_pubsub/py_pubsub.egg-info/dependency_links.txt
[3.979s] writing entry points to ../../build/py_pubsub/py_pubsub.egg-info/entry_points.txt
[3.980s] writing requirements to ../../build/py_pubsub/py_pubsub.egg-info/requires.txt
[3.981s] writing top-level names to ../../build/py_pubsub/py_pubsub.egg-info/top_level.txt
[3.988s] reading manifest file '../../build/py_pubsub/py_pubsub.egg-info/SOURCES.txt'
[3.992s] writing manifest file '../../build/py_pubsub/py_pubsub.egg-info/SOURCES.txt'
[3.993s] running build
[3.993s] running build_py
[3.994s] copying py_pubsub/publisher_member_function.py -> /home/pi/ros2_ws/build/py_pubsub/build/lib/py_pubsub
[3.996s] running install
[3.997s] running install_lib
[4.000s] copying /home/pi/ros2_ws/build/py_pubsub/build/lib/py_pubsub/publisher_member_function.py -> /home/pi/ros2_ws/install/py_pubsub/lib/python3.10/site-packages/py_pubsub
[4.003s] byte-compiling /home/pi/ros2_ws/install/py_pubsub/lib/python3.10/site-packages/py_pubsub/publisher_member_function.py to publisher_member_function.cpython-310.pyc
[4.006s] running install_data
[4.007s] running install_egg_info
[4.014s] removing '/home/pi/ros2_ws/install/py_pubsub/lib/python3.10/site-packages/py_pubsub-0.0.0-py3.10.egg-info' (and everything under it)
[4.016s] Copying ../../build/py_pubsub/py_pubsub.egg-info to /home/pi/ros2_ws/install/py_pubsub/lib/python3.10/site-packages/py_pubsub-0.0.0-py3.10.egg-info
[4.021s] running install_scripts
[4.112s] Installing talker = py_pubsub.publisher_member_function:mainlistner script to /home/pi/ros2_ws/install/py_pubsub/lib/py_pubsub
[4.113s] writing list of installed files to '/home/pi/ros2_ws/build/py_pubsub/install.log'
[4.243s] Invoked command in '/home/pi/ros2_ws/src/py_pubsub' returned '0': PYTHONPATH=/home/pi/ros2_ws/build/py_pubsub/prefix_override:/usr/lib/python3/dist-packages/colcon_core/task/python/colcon_distutils_commands:/home/pi/ros2_ws/install/py_pubsub/lib/python3.10/site-packages:${PYTHONPATH} /usr/bin/python3 -W ignore:setup.py install is deprecated -W ignore:easy_install command is deprecated setup.py egg_info --egg-base ../../build/py_pubsub build --build-base /home/pi/ros2_ws/build/py_pubsub/build install --record /home/pi/ros2_ws/build/py_pubsub/install.log --single-version-externally-managed install_data
