[2.900s] Invoking command in '/home/pi/ros2_ws/src/second_pubsub': PYTHONPATH=/home/pi/ros2_ws/build/second_pubsub/prefix_override:/usr/lib/python3/dist-packages/colcon_core/task/python/colcon_distutils_commands:/home/pi/ros2_ws/install/second_pubsub/lib/python3.10/site-packages:${PYTHONPATH} /usr/bin/python3 -W ignore:setup.py install is deprecated -W ignore:easy_install command is deprecated setup.py egg_info --egg-base ../../build/second_pubsub build --build-base /home/pi/ros2_ws/build/second_pubsub/build install --record /home/pi/ros2_ws/build/second_pubsub/install.log --single-version-externally-managed install_data
[4.088s] running egg_info
[4.092s] writing ../../build/second_pubsub/second_pubsub.egg-info/PKG-INFO
[4.095s] writing dependency_links to ../../build/second_pubsub/second_pubsub.egg-info/dependency_links.txt
[4.095s] writing entry points to ../../build/second_pubsub/second_pubsub.egg-info/entry_points.txt
[4.096s] writing requirements to ../../build/second_pubsub/second_pubsub.egg-info/requires.txt
[4.097s] writing top-level names to ../../build/second_pubsub/second_pubsub.egg-info/top_level.txt
[4.105s] reading manifest file '../../build/second_pubsub/second_pubsub.egg-info/SOURCES.txt'
[4.109s] writing manifest file '../../build/second_pubsub/second_pubsub.egg-info/SOURCES.txt'
[4.110s] running build
[4.110s] running build_py
[4.111s] copying second_pubsub/listner1.py -> /home/pi/ros2_ws/build/second_pubsub/build/lib/second_pubsub
[4.111s] copying second_pubsub/listner2.py -> /home/pi/ros2_ws/build/second_pubsub/build/lib/second_pubsub
[4.112s] copying second_pubsub/talker.py -> /home/pi/ros2_ws/build/second_pubsub/build/lib/second_pubsub
[4.114s] running install
[4.115s] running install_lib
[4.118s] copying /home/pi/ros2_ws/build/second_pubsub/build/lib/second_pubsub/listner1.py -> /home/pi/ros2_ws/install/second_pubsub/lib/python3.10/site-packages/second_pubsub
[4.119s] copying /home/pi/ros2_ws/build/second_pubsub/build/lib/second_pubsub/listner2.py -> /home/pi/ros2_ws/install/second_pubsub/lib/python3.10/site-packages/second_pubsub
[4.120s] copying /home/pi/ros2_ws/build/second_pubsub/build/lib/second_pubsub/talker.py -> /home/pi/ros2_ws/install/second_pubsub/lib/python3.10/site-packages/second_pubsub
[4.123s] byte-compiling /home/pi/ros2_ws/install/second_pubsub/lib/python3.10/site-packages/second_pubsub/listner1.py to listner1.cpython-310.pyc
[4.125s] byte-compiling /home/pi/ros2_ws/install/second_pubsub/lib/python3.10/site-packages/second_pubsub/listner2.py to listner2.cpython-310.pyc
[4.127s] byte-compiling /home/pi/ros2_ws/install/second_pubsub/lib/python3.10/site-packages/second_pubsub/talker.py to talker.cpython-310.pyc
[4.129s] running install_data
[4.129s] running install_egg_info
[4.137s] removing '/home/pi/ros2_ws/install/second_pubsub/lib/python3.10/site-packages/second_pubsub-0.0.0-py3.10.egg-info' (and everything under it)
[4.138s] Copying ../../build/second_pubsub/second_pubsub.egg-info to /home/pi/ros2_ws/install/second_pubsub/lib/python3.10/site-packages/second_pubsub-0.0.0-py3.10.egg-info
[4.144s] running install_scripts
[4.232s] Installing listner1 script to /home/pi/ros2_ws/install/second_pubsub/lib/second_pubsub
[4.233s] Installing listner2 script to /home/pi/ros2_ws/install/second_pubsub/lib/second_pubsub
[4.233s] Installing talker script to /home/pi/ros2_ws/install/second_pubsub/lib/second_pubsub
[4.235s] writing list of installed files to '/home/pi/ros2_ws/build/second_pubsub/install.log'
[4.366s] Invoked command in '/home/pi/ros2_ws/src/second_pubsub' returned '0': PYTHONPATH=/home/pi/ros2_ws/build/second_pubsub/prefix_override:/usr/lib/python3/dist-packages/colcon_core/task/python/colcon_distutils_commands:/home/pi/ros2_ws/install/second_pubsub/lib/python3.10/site-packages:${PYTHONPATH} /usr/bin/python3 -W ignore:setup.py install is deprecated -W ignore:easy_install command is deprecated setup.py egg_info --egg-base ../../build/second_pubsub build --build-base /home/pi/ros2_ws/build/second_pubsub/build install --record /home/pi/ros2_ws/build/second_pubsub/install.log --single-version-externally-managed install_data
