[0.823s] DEBUG:colcon:Command line arguments: ['/usr/bin/colcon', 'build', '--packages-select', 'second_pubsub']
[0.823s] DEBUG:colcon:Parsed command line arguments: Namespace(log_base=None, log_level=None, verb_name='build', build_base='build', install_base='install', merge_install=False, symlink_install=False, test_result_base=None, continue_on_error=False, executor='parallel', parallel_workers=4, event_handlers=None, ignore_user_meta=False, metas=['./colcon.meta'], base_paths=['.'], packages_ignore=None, packages_ignore_regex=None, paths=None, packages_up_to=None, packages_up_to_regex=None, packages_above=None, packages_above_and_dependencies=None, packages_above_depth=None, packages_select_by_dep=None, packages_skip_by_dep=None, packages_skip_up_to=None, packages_select_build_failed=False, packages_skip_build_finished=False, packages_select_test_failures=False, packages_skip_test_passed=False, packages_select=['second_pubsub'], packages_skip=None, packages_select_regex=None, packages_skip_regex=None, packages_start=None, packages_end=None, allow_overriding=[], cmake_args=None, cmake_target=None, cmake_target_skip_unavailable=False, cmake_clean_cache=False, cmake_clean_first=False, cmake_force_configure=False, ament_cmake_args=None, catkin_cmake_args=None, catkin_skip_building_tests=False, verb_parser=<colcon_defaults.argument_parser.defaults.DefaultArgumentsDecorator object at 0xffff8088c130>, verb_extension=<colcon_core.verb.build.BuildVerb object at 0xffff80a21480>, main=<bound method BuildVerb.main of <colcon_core.verb.build.BuildVerb object at 0xffff80a21480>>)
[2.480s] Level 1:colcon.colcon_core.package_discovery:discover_packages(colcon_meta) check parameters
[2.480s] Level 1:colcon.colcon_core.package_discovery:discover_packages(recursive) check parameters
[2.480s] Level 1:colcon.colcon_core.package_discovery:discover_packages(ignore) check parameters
[2.481s] Level 1:colcon.colcon_core.package_discovery:discover_packages(path) check parameters
[2.481s] Level 1:colcon.colcon_core.package_discovery:discover_packages(colcon_meta) discover
[2.481s] Level 1:colcon.colcon_core.package_discovery:discover_packages(recursive) discover
[2.481s] INFO:colcon.colcon_core.package_discovery:Crawling recursively for packages in '/home/pi/ros2_ws'
[2.482s] Level 1:colcon.colcon_core.package_identification:_identify(.) by extensions ['ignore', 'ignore_ament_install']
[2.482s] Level 1:colcon.colcon_core.package_identification:_identify(.) by extension 'ignore'
[2.483s] Level 1:colcon.colcon_core.package_identification:_identify(.) by extension 'ignore_ament_install'
[2.483s] Level 1:colcon.colcon_core.package_identification:_identify(.) by extensions ['colcon_pkg']
[2.483s] Level 1:colcon.colcon_core.package_identification:_identify(.) by extension 'colcon_pkg'
[2.484s] Level 1:colcon.colcon_core.package_identification:_identify(.) by extensions ['colcon_meta']
[2.484s] Level 1:colcon.colcon_core.package_identification:_identify(.) by extension 'colcon_meta'
[2.484s] Level 1:colcon.colcon_core.package_identification:_identify(.) by extensions ['ros']
[2.484s] Level 1:colcon.colcon_core.package_identification:_identify(.) by extension 'ros'
[2.563s] Level 1:colcon.colcon_core.package_identification:_identify(.) by extensions ['cmake', 'python']
[2.563s] Level 1:colcon.colcon_core.package_identification:_identify(.) by extension 'cmake'
[2.563s] Level 1:colcon.colcon_core.package_identification:_identify(.) by extension 'python'
[2.563s] Level 1:colcon.colcon_core.package_identification:_identify(.) by extensions ['python_setup_py']
[2.564s] Level 1:colcon.colcon_core.package_identification:_identify(.) by extension 'python_setup_py'
[2.564s] Level 1:colcon.colcon_core.package_identification:_identify(build) by extensions ['ignore', 'ignore_ament_install']
[2.565s] Level 1:colcon.colcon_core.package_identification:_identify(build) by extension 'ignore'
[2.565s] Level 1:colcon.colcon_core.package_identification:_identify(build) ignored
[2.565s] Level 1:colcon.colcon_core.package_identification:_identify(install) by extensions ['ignore', 'ignore_ament_install']
[2.566s] Level 1:colcon.colcon_core.package_identification:_identify(install) by extension 'ignore'
[2.566s] Level 1:colcon.colcon_core.package_identification:_identify(install) ignored
[2.567s] Level 1:colcon.colcon_core.package_identification:_identify(log) by extensions ['ignore', 'ignore_ament_install']
[2.567s] Level 1:colcon.colcon_core.package_identification:_identify(log) by extension 'ignore'
[2.567s] Level 1:colcon.colcon_core.package_identification:_identify(log) ignored
[2.568s] Level 1:colcon.colcon_core.package_identification:_identify(src) by extensions ['ignore', 'ignore_ament_install']
[2.568s] Level 1:colcon.colcon_core.package_identification:_identify(src) by extension 'ignore'
[2.568s] Level 1:colcon.colcon_core.package_identification:_identify(src) by extension 'ignore_ament_install'
[2.568s] Level 1:colcon.colcon_core.package_identification:_identify(src) by extensions ['colcon_pkg']
[2.568s] Level 1:colcon.colcon_core.package_identification:_identify(src) by extension 'colcon_pkg'
[2.569s] Level 1:colcon.colcon_core.package_identification:_identify(src) by extensions ['colcon_meta']
[2.569s] Level 1:colcon.colcon_core.package_identification:_identify(src) by extension 'colcon_meta'
[2.569s] Level 1:colcon.colcon_core.package_identification:_identify(src) by extensions ['ros']
[2.569s] Level 1:colcon.colcon_core.package_identification:_identify(src) by extension 'ros'
[2.570s] Level 1:colcon.colcon_core.package_identification:_identify(src) by extensions ['cmake', 'python']
[2.570s] Level 1:colcon.colcon_core.package_identification:_identify(src) by extension 'cmake'
[2.570s] Level 1:colcon.colcon_core.package_identification:_identify(src) by extension 'python'
[2.570s] Level 1:colcon.colcon_core.package_identification:_identify(src) by extensions ['python_setup_py']
[2.570s] Level 1:colcon.colcon_core.package_identification:_identify(src) by extension 'python_setup_py'
[2.571s] Level 1:colcon.colcon_core.package_identification:_identify(src/my_pkg) by extensions ['ignore', 'ignore_ament_install']
[2.571s] Level 1:colcon.colcon_core.package_identification:_identify(src/my_pkg) by extension 'ignore'
[2.571s] Level 1:colcon.colcon_core.package_identification:_identify(src/my_pkg) by extension 'ignore_ament_install'
[2.572s] Level 1:colcon.colcon_core.package_identification:_identify(src/my_pkg) by extensions ['colcon_pkg']
[2.572s] Level 1:colcon.colcon_core.package_identification:_identify(src/my_pkg) by extension 'colcon_pkg'
[2.572s] Level 1:colcon.colcon_core.package_identification:_identify(src/my_pkg) by extensions ['colcon_meta']
[2.572s] Level 1:colcon.colcon_core.package_identification:_identify(src/my_pkg) by extension 'colcon_meta'
[2.572s] Level 1:colcon.colcon_core.package_identification:_identify(src/my_pkg) by extensions ['ros']
[2.572s] Level 1:colcon.colcon_core.package_identification:_identify(src/my_pkg) by extension 'ros'
[2.586s] DEBUG:colcon.colcon_core.package_identification:Package 'src/my_pkg' with type 'ros.ament_python' and name 'my_pkg'
[2.587s] Level 1:colcon.colcon_core.package_identification:_identify(src/py_pubsub) by extensions ['ignore', 'ignore_ament_install']
[2.587s] Level 1:colcon.colcon_core.package_identification:_identify(src/py_pubsub) by extension 'ignore'
[2.588s] Level 1:colcon.colcon_core.package_identification:_identify(src/py_pubsub) by extension 'ignore_ament_install'
[2.588s] Level 1:colcon.colcon_core.package_identification:_identify(src/py_pubsub) by extensions ['colcon_pkg']
[2.588s] Level 1:colcon.colcon_core.package_identification:_identify(src/py_pubsub) by extension 'colcon_pkg'
[2.588s] Level 1:colcon.colcon_core.package_identification:_identify(src/py_pubsub) by extensions ['colcon_meta']
[2.589s] Level 1:colcon.colcon_core.package_identification:_identify(src/py_pubsub) by extension 'colcon_meta'
[2.589s] Level 1:colcon.colcon_core.package_identification:_identify(src/py_pubsub) by extensions ['ros']
[2.589s] Level 1:colcon.colcon_core.package_identification:_identify(src/py_pubsub) by extension 'ros'
[2.593s] DEBUG:colcon.colcon_core.package_identification:Package 'src/py_pubsub' with type 'ros.ament_python' and name 'py_pubsub'
[2.594s] Level 1:colcon.colcon_core.package_identification:_identify(src/robocon) by extensions ['ignore', 'ignore_ament_install']
[2.594s] Level 1:colcon.colcon_core.package_identification:_identify(src/robocon) by extension 'ignore'
[2.594s] Level 1:colcon.colcon_core.package_identification:_identify(src/robocon) by extension 'ignore_ament_install'
[2.595s] Level 1:colcon.colcon_core.package_identification:_identify(src/robocon) by extensions ['colcon_pkg']
[2.595s] Level 1:colcon.colcon_core.package_identification:_identify(src/robocon) by extension 'colcon_pkg'
[2.595s] Level 1:colcon.colcon_core.package_identification:_identify(src/robocon) by extensions ['colcon_meta']
[2.595s] Level 1:colcon.colcon_core.package_identification:_identify(src/robocon) by extension 'colcon_meta'
[2.596s] Level 1:colcon.colcon_core.package_identification:_identify(src/robocon) by extensions ['ros']
[2.596s] Level 1:colcon.colcon_core.package_identification:_identify(src/robocon) by extension 'ros'
[2.599s] DEBUG:colcon.colcon_core.package_identification:Package 'src/robocon' with type 'ros.ament_python' and name 'robocon'
[2.600s] Level 1:colcon.colcon_core.package_identification:_identify(src/second_pubsub) by extensions ['ignore', 'ignore_ament_install']
[2.600s] Level 1:colcon.colcon_core.package_identification:_identify(src/second_pubsub) by extension 'ignore'
[2.600s] Level 1:colcon.colcon_core.package_identification:_identify(src/second_pubsub) by extension 'ignore_ament_install'
[2.601s] Level 1:colcon.colcon_core.package_identification:_identify(src/second_pubsub) by extensions ['colcon_pkg']
[2.601s] Level 1:colcon.colcon_core.package_identification:_identify(src/second_pubsub) by extension 'colcon_pkg'
[2.601s] Level 1:colcon.colcon_core.package_identification:_identify(src/second_pubsub) by extensions ['colcon_meta']
[2.601s] Level 1:colcon.colcon_core.package_identification:_identify(src/second_pubsub) by extension 'colcon_meta'
[2.602s] Level 1:colcon.colcon_core.package_identification:_identify(src/second_pubsub) by extensions ['ros']
[2.602s] Level 1:colcon.colcon_core.package_identification:_identify(src/second_pubsub) by extension 'ros'
[2.606s] DEBUG:colcon.colcon_core.package_identification:Package 'src/second_pubsub' with type 'ros.ament_python' and name 'second_pubsub'
[2.606s] Level 1:colcon.colcon_core.package_discovery:discover_packages(recursive) using defaults
[2.606s] Level 1:colcon.colcon_core.package_discovery:discover_packages(ignore) discover
[2.606s] Level 1:colcon.colcon_core.package_discovery:discover_packages(ignore) using defaults
[2.606s] Level 1:colcon.colcon_core.package_discovery:discover_packages(path) discover
[2.607s] Level 1:colcon.colcon_core.package_discovery:discover_packages(path) using defaults
[2.772s] INFO:colcon.colcon_core.package_selection:Skipping not selected package 'my_pkg' in 'src/my_pkg'
[2.772s] INFO:colcon.colcon_core.package_selection:Skipping not selected package 'py_pubsub' in 'src/py_pubsub'
[2.772s] INFO:colcon.colcon_core.package_selection:Skipping not selected package 'robocon' in 'src/robocon'
[2.776s] Level 1:colcon.colcon_core.package_discovery:discover_packages(prefix_path) check parameters
[2.776s] Level 1:colcon.colcon_core.package_discovery:discover_packages(prefix_path) discover
[2.793s] DEBUG:colcon.colcon_installed_package_information.package_discovery:Found 2 installed packages in /home/pi/ros2_ws/install
[2.805s] DEBUG:colcon.colcon_installed_package_information.package_discovery:Found 271 installed packages in /opt/ros/humble
[2.855s] Level 1:colcon.colcon_core.package_discovery:discover_packages(prefix_path) using defaults
[3.038s] Level 5:colcon.colcon_core.verb:set package 'second_pubsub' build argument 'cmake_args' from command line to 'None'
[3.039s] Level 5:colcon.colcon_core.verb:set package 'second_pubsub' build argument 'cmake_target' from command line to 'None'
[3.039s] Level 5:colcon.colcon_core.verb:set package 'second_pubsub' build argument 'cmake_target_skip_unavailable' from command line to 'False'
[3.039s] Level 5:colcon.colcon_core.verb:set package 'second_pubsub' build argument 'cmake_clean_cache' from command line to 'False'
[3.039s] Level 5:colcon.colcon_core.verb:set package 'second_pubsub' build argument 'cmake_clean_first' from command line to 'False'
[3.039s] Level 5:colcon.colcon_core.verb:set package 'second_pubsub' build argument 'cmake_force_configure' from command line to 'False'
[3.039s] Level 5:colcon.colcon_core.verb:set package 'second_pubsub' build argument 'ament_cmake_args' from command line to 'None'
[3.039s] Level 5:colcon.colcon_core.verb:set package 'second_pubsub' build argument 'catkin_cmake_args' from command line to 'None'
[3.040s] Level 5:colcon.colcon_core.verb:set package 'second_pubsub' build argument 'catkin_skip_building_tests' from command line to 'False'
[3.040s] DEBUG:colcon.colcon_core.verb:Building package 'second_pubsub' with the following arguments: {'ament_cmake_args': None, 'build_base': '/home/pi/ros2_ws/build/second_pubsub', 'catkin_cmake_args': None, 'catkin_skip_building_tests': False, 'cmake_args': None, 'cmake_clean_cache': False, 'cmake_clean_first': False, 'cmake_force_configure': False, 'cmake_target': None, 'cmake_target_skip_unavailable': False, 'install_base': '/home/pi/ros2_ws/install/second_pubsub', 'merge_install': False, 'path': '/home/pi/ros2_ws/src/second_pubsub', 'symlink_install': False, 'test_result_base': None}
[3.040s] INFO:colcon.colcon_core.executor:Executing jobs using 'parallel' executor
[3.044s] DEBUG:colcon.colcon_parallel_executor.executor.parallel:run_until_complete
[3.045s] INFO:colcon.colcon_ros.task.ament_python.build:Building ROS package in '/home/pi/ros2_ws/src/second_pubsub' with build type 'ament_python'
[3.046s] Level 1:colcon.colcon_core.shell:create_environment_hook('second_pubsub', 'ament_prefix_path')
[3.072s] INFO:colcon.colcon_core.plugin_system:Skipping extension 'colcon_core.shell.bat': Not used on non-Windows systems
[3.074s] INFO:colcon.colcon_core.shell:Creating environment hook '/home/pi/ros2_ws/install/second_pubsub/share/second_pubsub/hook/ament_prefix_path.ps1'
[3.081s] INFO:colcon.colcon_core.shell:Creating environment descriptor '/home/pi/ros2_ws/install/second_pubsub/share/second_pubsub/hook/ament_prefix_path.dsv'
[3.086s] INFO:colcon.colcon_core.shell:Creating environment hook '/home/pi/ros2_ws/install/second_pubsub/share/second_pubsub/hook/ament_prefix_path.sh'
[3.091s] INFO:colcon.colcon_core.shell:Skip shell extension 'powershell' for command environment: Not usable outside of PowerShell
[3.091s] DEBUG:colcon.colcon_core.shell:Skip shell extension 'dsv' for command environment
[4.381s] INFO:colcon.colcon_core.task.python.build:Building Python package in '/home/pi/ros2_ws/src/second_pubsub'
[4.383s] INFO:colcon.colcon_core.shell:Skip shell extension 'powershell' for command environment: Not usable outside of PowerShell
[4.383s] DEBUG:colcon.colcon_core.shell:Skip shell extension 'dsv' for command environment
[6.213s] DEBUG:colcon.colcon_core.event_handler.log_command:Invoking command in '/home/pi/ros2_ws/src/second_pubsub': PYTHONPATH=/home/pi/ros2_ws/build/second_pubsub/prefix_override:/usr/lib/python3/dist-packages/colcon_core/task/python/colcon_distutils_commands:/home/pi/ros2_ws/install/second_pubsub/lib/python3.10/site-packages:${PYTHONPATH} /usr/bin/python3 -W ignore:setup.py install is deprecated -W ignore:easy_install command is deprecated setup.py egg_info --egg-base ../../build/second_pubsub build --build-base /home/pi/ros2_ws/build/second_pubsub/build install --record /home/pi/ros2_ws/build/second_pubsub/install.log --single-version-externally-managed install_data
[7.666s] DEBUG:colcon.colcon_core.event_handler.log_command:Invoked command in '/home/pi/ros2_ws/src/second_pubsub' returned '0': PYTHONPATH=/home/pi/ros2_ws/build/second_pubsub/prefix_override:/usr/lib/python3/dist-packages/colcon_core/task/python/colcon_distutils_commands:/home/pi/ros2_ws/install/second_pubsub/lib/python3.10/site-packages:${PYTHONPATH} /usr/bin/python3 -W ignore:setup.py install is deprecated -W ignore:easy_install command is deprecated setup.py egg_info --egg-base ../../build/second_pubsub build --build-base /home/pi/ros2_ws/build/second_pubsub/build install --record /home/pi/ros2_ws/build/second_pubsub/install.log --single-version-externally-managed install_data
[7.692s] Level 1:colcon.colcon_core.environment:checking '/home/pi/ros2_ws/install/second_pubsub' for CMake module files
[7.696s] Level 1:colcon.colcon_core.environment:checking '/home/pi/ros2_ws/install/second_pubsub' for CMake config files
[7.703s] Level 1:colcon.colcon_core.environment:checking '/home/pi/ros2_ws/install/second_pubsub/lib'
[7.704s] Level 1:colcon.colcon_core.environment:checking '/home/pi/ros2_ws/install/second_pubsub/bin'
[7.704s] Level 1:colcon.colcon_core.environment:checking '/home/pi/ros2_ws/install/second_pubsub/lib/pkgconfig/second_pubsub.pc'
[7.706s] Level 1:colcon.colcon_core.environment:checking '/home/pi/ros2_ws/install/second_pubsub/lib/python3.10/site-packages'
[7.707s] Level 1:colcon.colcon_core.shell:create_environment_hook('second_pubsub', 'pythonpath')
[7.708s] INFO:colcon.colcon_core.shell:Creating environment hook '/home/pi/ros2_ws/install/second_pubsub/share/second_pubsub/hook/pythonpath.ps1'
[7.711s] INFO:colcon.colcon_core.shell:Creating environment descriptor '/home/pi/ros2_ws/install/second_pubsub/share/second_pubsub/hook/pythonpath.dsv'
[7.713s] INFO:colcon.colcon_core.shell:Creating environment hook '/home/pi/ros2_ws/install/second_pubsub/share/second_pubsub/hook/pythonpath.sh'
[7.717s] Level 1:colcon.colcon_core.environment:checking '/home/pi/ros2_ws/install/second_pubsub/bin'
[7.717s] Level 1:colcon.colcon_core.environment:create_environment_scripts_only(second_pubsub)
[7.718s] INFO:colcon.colcon_core.shell:Creating package script '/home/pi/ros2_ws/install/second_pubsub/share/second_pubsub/package.ps1'
[7.723s] INFO:colcon.colcon_core.shell:Creating package descriptor '/home/pi/ros2_ws/install/second_pubsub/share/second_pubsub/package.dsv'
[7.727s] INFO:colcon.colcon_core.shell:Creating package script '/home/pi/ros2_ws/install/second_pubsub/share/second_pubsub/package.sh'
[7.731s] INFO:colcon.colcon_core.shell:Creating package script '/home/pi/ros2_ws/install/second_pubsub/share/second_pubsub/package.bash'
[7.736s] INFO:colcon.colcon_core.shell:Creating package script '/home/pi/ros2_ws/install/second_pubsub/share/second_pubsub/package.zsh'
[7.741s] Level 1:colcon.colcon_core.environment:create_file_with_runtime_dependencies(/home/pi/ros2_ws/install/second_pubsub/share/colcon-core/packages/second_pubsub)
[7.742s] DEBUG:colcon.colcon_parallel_executor.executor.parallel:closing loop
[7.744s] DEBUG:colcon.colcon_parallel_executor.executor.parallel:loop closed
[7.744s] DEBUG:colcon.colcon_parallel_executor.executor.parallel:run_until_complete finished with '0'
[7.745s] DEBUG:colcon.colcon_core.event_reactor:joining thread
[7.794s] INFO:colcon.colcon_core.plugin_system:Skipping extension 'colcon_notification.desktop_notification.terminal_notifier': Not used on non-Darwin systems
[7.795s] INFO:colcon.colcon_core.plugin_system:Skipping extension 'colcon_notification.desktop_notification.win32': Not used on non-Windows systems
[7.795s] INFO:colcon.colcon_notification.desktop_notification:Sending desktop notification using 'notify2'
[8.030s] DEBUG:colcon.colcon_core.event_reactor:joined thread
[8.032s] INFO:colcon.colcon_core.shell:Creating prefix script '/home/pi/ros2_ws/install/local_setup.ps1'
[8.040s] INFO:colcon.colcon_core.shell:Creating prefix util module '/home/pi/ros2_ws/install/_local_setup_util_ps1.py'
[8.051s] INFO:colcon.colcon_core.shell:Creating prefix chain script '/home/pi/ros2_ws/install/setup.ps1'
[8.060s] INFO:colcon.colcon_core.shell:Creating prefix script '/home/pi/ros2_ws/install/local_setup.sh'
[8.066s] INFO:colcon.colcon_core.shell:Creating prefix util module '/home/pi/ros2_ws/install/_local_setup_util_sh.py'
[8.069s] INFO:colcon.colcon_core.shell:Creating prefix chain script '/home/pi/ros2_ws/install/setup.sh'
[8.076s] INFO:colcon.colcon_core.shell:Creating prefix script '/home/pi/ros2_ws/install/local_setup.bash'
[8.080s] INFO:colcon.colcon_core.shell:Creating prefix chain script '/home/pi/ros2_ws/install/setup.bash'
[8.088s] INFO:colcon.colcon_core.shell:Creating prefix script '/home/pi/ros2_ws/install/local_setup.zsh'
[8.093s] INFO:colcon.colcon_core.shell:Creating prefix chain script '/home/pi/ros2_ws/install/setup.zsh'
