[2.750s] Invoking command in '/home/pi/ros2_ws/src/second_pubsub': PYTHONPATH=/home/pi/ros2_ws/build/second_pubsub/prefix_override:/usr/lib/python3/dist-packages/colcon_core/task/python/colcon_distutils_commands:/home/pi/ros2_ws/install/second_pubsub/lib/python3.10/site-packages:${PYTHONPATH} /usr/bin/python3 -W ignore:setup.py install is deprecated -W ignore:easy_install command is deprecated setup.py egg_info --egg-base ../../build/second_pubsub build --build-base /home/pi/ros2_ws/build/second_pubsub/build install --record /home/pi/ros2_ws/build/second_pubsub/install.log --single-version-externally-managed install_data
[3.844s] running egg_info
[3.846s] writing ../../build/second_pubsub/second_pubsub.egg-info/PKG-INFO
[3.848s] writing dependency_links to ../../build/second_pubsub/second_pubsub.egg-info/dependency_links.txt
[3.848s] writing entry points to ../../build/second_pubsub/second_pubsub.egg-info/entry_points.txt
[3.849s] writing requirements to ../../build/second_pubsub/second_pubsub.egg-info/requires.txt
[3.850s] writing top-level names to ../../build/second_pubsub/second_pubsub.egg-info/top_level.txt
[3.860s] reading manifest file '../../build/second_pubsub/second_pubsub.egg-info/SOURCES.txt'
[3.864s] writing manifest file '../../build/second_pubsub/second_pubsub.egg-info/SOURCES.txt'
[3.865s] running build
[3.865s] running build_py
[3.867s] copying second_pubsub/talker2.py -> /home/pi/ros2_ws/build/second_pubsub/build/lib/second_pubsub
[3.868s] running install
[3.869s] running install_lib
[3.874s] copying /home/pi/ros2_ws/build/second_pubsub/build/lib/second_pubsub/talker2.py -> /home/pi/ros2_ws/install/second_pubsub/lib/python3.10/site-packages/second_pubsub
[3.878s] byte-compiling /home/pi/ros2_ws/install/second_pubsub/lib/python3.10/site-packages/second_pubsub/talker2.py to talker2.cpython-310.pyc
[3.881s] running install_data
[3.882s] running install_egg_info
[3.889s] removing '/home/pi/ros2_ws/install/second_pubsub/lib/python3.10/site-packages/second_pubsub-0.0.0-py3.10.egg-info' (and everything under it)
[3.891s] Copying ../../build/second_pubsub/second_pubsub.egg-info to /home/pi/ros2_ws/install/second_pubsub/lib/python3.10/site-packages/second_pubsub-0.0.0-py3.10.egg-info
[3.896s] running install_scripts
[3.980s] Installing listner script to /home/pi/ros2_ws/install/second_pubsub/lib/second_pubsub
[3.981s] Installing talker script to /home/pi/ros2_ws/install/second_pubsub/lib/second_pubsub
[3.983s] writing list of installed files to '/home/pi/ros2_ws/build/second_pubsub/install.log'
[4.113s] Invoked command in '/home/pi/ros2_ws/src/second_pubsub' returned '0': PYTHONPATH=/home/pi/ros2_ws/build/second_pubsub/prefix_override:/usr/lib/python3/dist-packages/colcon_core/task/python/colcon_distutils_commands:/home/pi/ros2_ws/install/second_pubsub/lib/python3.10/site-packages:${PYTHONPATH} /usr/bin/python3 -W ignore:setup.py install is deprecated -W ignore:easy_install command is deprecated setup.py egg_info --egg-base ../../build/second_pubsub build --build-base /home/pi/ros2_ws/build/second_pubsub/build install --record /home/pi/ros2_ws/build/second_pubsub/install.log --single-version-externally-managed install_data
