[2.906s] Invoking command in '/home/pi/ros2_ws/src/py_pubsub': PYTHONPATH=/home/pi/ros2_ws/build/py_pubsub/prefix_override:/usr/lib/python3/dist-packages/colcon_core/task/python/colcon_distutils_commands:/home/pi/ros2_ws/install/py_pubsub/lib/python3.10/site-packages:${PYTHONPATH} /usr/bin/python3 -W ignore:setup.py install is deprecated -W ignore:easy_install command is deprecated setup.py egg_info --egg-base ../../build/py_pubsub build --build-base /home/pi/ros2_ws/build/py_pubsub/build install --record /home/pi/ros2_ws/build/py_pubsub/install.log --single-version-externally-managed install_data
[4.038s] running egg_info
[4.042s] writing ../../build/py_pubsub/py_pubsub.egg-info/PKG-INFO
[4.043s] writing dependency_links to ../../build/py_pubsub/py_pubsub.egg-info/dependency_links.txt
[4.044s] writing entry points to ../../build/py_pubsub/py_pubsub.egg-info/entry_points.txt
[4.045s] writing requirements to ../../build/py_pubsub/py_pubsub.egg-info/requires.txt
[4.045s] writing top-level names to ../../build/py_pubsub/py_pubsub.egg-info/top_level.txt
[4.054s] reading manifest file '../../build/py_pubsub/py_pubsub.egg-info/SOURCES.txt'
[4.058s] writing manifest file '../../build/py_pubsub/py_pubsub.egg-info/SOURCES.txt'
[4.059s] running build
[4.059s] running build_py
[4.060s] copying py_pubsub/publisher_member_function.py -> /home/pi/ros2_ws/build/py_pubsub/build/lib/py_pubsub
[4.062s] running install
[4.064s] running install_lib
[4.069s] copying /home/pi/ros2_ws/build/py_pubsub/build/lib/py_pubsub/publisher_member_function.py -> /home/pi/ros2_ws/install/py_pubsub/lib/python3.10/site-packages/py_pubsub
[4.073s] byte-compiling /home/pi/ros2_ws/install/py_pubsub/lib/python3.10/site-packages/py_pubsub/publisher_member_function.py to publisher_member_function.cpython-310.pyc
[4.076s] running install_data
[4.076s] running install_egg_info
[4.086s] removing '/home/pi/ros2_ws/install/py_pubsub/lib/python3.10/site-packages/py_pubsub-0.0.0-py3.10.egg-info' (and everything under it)
[4.087s] Copying ../../build/py_pubsub/py_pubsub.egg-info to /home/pi/ros2_ws/install/py_pubsub/lib/python3.10/site-packages/py_pubsub-0.0.0-py3.10.egg-info
[4.093s] running install_scripts
[4.183s] Installing listner script to /home/pi/ros2_ws/install/py_pubsub/lib/py_pubsub
[4.183s] Installing talker script to /home/pi/ros2_ws/install/py_pubsub/lib/py_pubsub
[4.185s] writing list of installed files to '/home/pi/ros2_ws/build/py_pubsub/install.log'
[4.320s] Invoked command in '/home/pi/ros2_ws/src/py_pubsub' returned '0': PYTHONPATH=/home/pi/ros2_ws/build/py_pubsub/prefix_override:/usr/lib/python3/dist-packages/colcon_core/task/python/colcon_distutils_commands:/home/pi/ros2_ws/install/py_pubsub/lib/python3.10/site-packages:${PYTHONPATH} /usr/bin/python3 -W ignore:setup.py install is deprecated -W ignore:easy_install command is deprecated setup.py egg_info --egg-base ../../build/py_pubsub build --build-base /home/pi/ros2_ws/build/py_pubsub/build install --record /home/pi/ros2_ws/build/py_pubsub/install.log --single-version-externally-managed install_data
