running egg_info
writing ../../build/second_pubsub/second_pubsub.egg-info/PKG-INFO
writing dependency_links to ../../build/second_pubsub/second_pubsub.egg-info/dependency_links.txt
writing entry points to ../../build/second_pubsub/second_pubsub.egg-info/entry_points.txt
writing requirements to ../../build/second_pubsub/second_pubsub.egg-info/requires.txt
writing top-level names to ../../build/second_pubsub/second_pubsub.egg-info/top_level.txt
reading manifest file '../../build/second_pubsub/second_pubsub.egg-info/SOURCES.txt'
writing manifest file '../../build/second_pubsub/second_pubsub.egg-info/SOURCES.txt'
running build
running build_py
copying second_pubsub/listner1.py -> /home/pi/ros2_ws/build/second_pubsub/build/lib/second_pubsub
running install
running install_lib
copying /home/pi/ros2_ws/build/second_pubsub/build/lib/second_pubsub/listner1.py -> /home/pi/ros2_ws/install/second_pubsub/lib/python3.10/site-packages/second_pubsub
byte-compiling /home/pi/ros2_ws/install/second_pubsub/lib/python3.10/site-packages/second_pubsub/listner1.py to listner1.cpython-310.pyc
running install_data
running install_egg_info
removing '/home/pi/ros2_ws/install/second_pubsub/lib/python3.10/site-packages/second_pubsub-0.0.0-py3.10.egg-info' (and everything under it)
Copying ../../build/second_pubsub/second_pubsub.egg-info to /home/pi/ros2_ws/install/second_pubsub/lib/python3.10/site-packages/second_pubsub-0.0.0-py3.10.egg-info
running install_scripts
Installing listner script to /home/pi/ros2_ws/install/second_pubsub/lib/second_pubsub
Installing talker script to /home/pi/ros2_ws/install/second_pubsub/lib/second_pubsub
writing list of installed files to '/home/pi/ros2_ws/build/second_pubsub/install.log'
