[3.079s] Invoking command in '/home/pi/ros2_ws/src/second_pubsub': PYTHONPATH=/home/pi/ros2_ws/build/second_pubsub/prefix_override:/usr/lib/python3/dist-packages/colcon_core/task/python/colcon_distutils_commands:/home/pi/ros2_ws/install/second_pubsub/lib/python3.10/site-packages:${PYTHONPATH} /usr/bin/python3 -W ignore:setup.py install is deprecated -W ignore:easy_install command is deprecated setup.py egg_info --egg-base ../../build/second_pubsub build --build-base /home/pi/ros2_ws/build/second_pubsub/build install --record /home/pi/ros2_ws/build/second_pubsub/install.log --single-version-externally-managed install_data
[4.244s] running egg_info
[4.247s] writing ../../build/second_pubsub/second_pubsub.egg-info/PKG-INFO
[4.248s] writing dependency_links to ../../build/second_pubsub/second_pubsub.egg-info/dependency_links.txt
[4.249s] writing entry points to ../../build/second_pubsub/second_pubsub.egg-info/entry_points.txt
[4.250s] writing requirements to ../../build/second_pubsub/second_pubsub.egg-info/requires.txt
[4.251s] writing top-level names to ../../build/second_pubsub/second_pubsub.egg-info/top_level.txt
[4.264s] reading manifest file '../../build/second_pubsub/second_pubsub.egg-info/SOURCES.txt'
[4.269s] writing manifest file '../../build/second_pubsub/second_pubsub.egg-info/SOURCES.txt'
[4.270s] running build
[4.271s] running build_py
[4.271s] copying second_pubsub/listner1.py -> /home/pi/ros2_ws/build/second_pubsub/build/lib/second_pubsub
[4.274s] running install
[4.275s] running install_lib
[4.279s] copying /home/pi/ros2_ws/build/second_pubsub/build/lib/second_pubsub/listner1.py -> /home/pi/ros2_ws/install/second_pubsub/lib/python3.10/site-packages/second_pubsub
[4.283s] byte-compiling /home/pi/ros2_ws/install/second_pubsub/lib/python3.10/site-packages/second_pubsub/listner1.py to listner1.cpython-310.pyc
[4.288s] running install_data
[4.289s] running install_egg_info
[4.297s] removing '/home/pi/ros2_ws/install/second_pubsub/lib/python3.10/site-packages/second_pubsub-0.0.0-py3.10.egg-info' (and everything under it)
[4.298s] Copying ../../build/second_pubsub/second_pubsub.egg-info to /home/pi/ros2_ws/install/second_pubsub/lib/python3.10/site-packages/second_pubsub-0.0.0-py3.10.egg-info
[4.305s] running install_scripts
[4.392s] Installing listner script to /home/pi/ros2_ws/install/second_pubsub/lib/second_pubsub
[4.393s] Installing talker script to /home/pi/ros2_ws/install/second_pubsub/lib/second_pubsub
[4.395s] writing list of installed files to '/home/pi/ros2_ws/build/second_pubsub/install.log'
[4.521s] Invoked command in '/home/pi/ros2_ws/src/second_pubsub' returned '0': PYTHONPATH=/home/pi/ros2_ws/build/second_pubsub/prefix_override:/usr/lib/python3/dist-packages/colcon_core/task/python/colcon_distutils_commands:/home/pi/ros2_ws/install/second_pubsub/lib/python3.10/site-packages:${PYTHONPATH} /usr/bin/python3 -W ignore:setup.py install is deprecated -W ignore:easy_install command is deprecated setup.py egg_info --egg-base ../../build/second_pubsub build --build-base /home/pi/ros2_ws/build/second_pubsub/build install --record /home/pi/ros2_ws/build/second_pubsub/install.log --single-version-externally-managed install_data
