[0.886s] DEBUG:colcon:Command line arguments: ['/usr/bin/colcon', 'build', '--packages-select', 'second_pubsub']
[0.886s] DEBUG:colcon:Parsed command line arguments: Namespace(log_base=None, log_level=None, verb_name='build', build_base='build', install_base='install', merge_install=False, symlink_install=False, test_result_base=None, continue_on_error=False, executor='parallel', parallel_workers=4, event_handlers=None, ignore_user_meta=False, metas=['./colcon.meta'], base_paths=['.'], packages_ignore=None, packages_ignore_regex=None, paths=None, packages_up_to=None, packages_up_to_regex=None, packages_above=None, packages_above_and_dependencies=None, packages_above_depth=None, packages_select_by_dep=None, packages_skip_by_dep=None, packages_skip_up_to=None, packages_select_build_failed=False, packages_skip_build_finished=False, packages_select_test_failures=False, packages_skip_test_passed=False, packages_select=['second_pubsub'], packages_skip=None, packages_select_regex=None, packages_skip_regex=None, packages_start=None, packages_end=None, allow_overriding=[], cmake_args=None, cmake_target=None, cmake_target_skip_unavailable=False, cmake_clean_cache=False, cmake_clean_first=False, cmake_force_configure=False, ament_cmake_args=None, catkin_cmake_args=None, catkin_skip_building_tests=False, verb_parser=<colcon_defaults.argument_parser.defaults.DefaultArgumentsDecorator object at 0xffffa392c130>, verb_extension=<colcon_core.verb.build.BuildVerb object at 0xffffa3ac1480>, main=<bound method BuildVerb.main of <colcon_core.verb.build.BuildVerb object at 0xffffa3ac1480>>)
[2.139s] Level 1:colcon.colcon_core.package_discovery:discover_packages(colcon_meta) check parameters
[2.140s] Level 1:colcon.colcon_core.package_discovery:discover_packages(recursive) check parameters
[2.140s] Level 1:colcon.colcon_core.package_discovery:discover_packages(ignore) check parameters
[2.140s] Level 1:colcon.colcon_core.package_discovery:discover_packages(path) check parameters
[2.140s] Level 1:colcon.colcon_core.package_discovery:discover_packages(colcon_meta) discover
[2.141s] Level 1:colcon.colcon_core.package_discovery:discover_packages(recursive) discover
[2.141s] INFO:colcon.colcon_core.package_discovery:Crawling recursively for packages in '/home/pi/ros2_ws'
[2.142s] Level 1:colcon.colcon_core.package_identification:_identify(.) by extensions ['ignore', 'ignore_ament_install']
[2.142s] Level 1:colcon.colcon_core.package_identification:_identify(.) by extension 'ignore'
[2.142s] Level 1:colcon.colcon_core.package_identification:_identify(.) by extension 'ignore_ament_install'
[2.143s] Level 1:colcon.colcon_core.package_identification:_identify(.) by extensions ['colcon_pkg']
[2.143s] Level 1:colcon.colcon_core.package_identification:_identify(.) by extension 'colcon_pkg'
[2.143s] Level 1:colcon.colcon_core.package_identification:_identify(.) by extensions ['colcon_meta']
[2.143s] Level 1:colcon.colcon_core.package_identification:_identify(.) by extension 'colcon_meta'
[2.143s] Level 1:colcon.colcon_core.package_identification:_identify(.) by extensions ['ros']
[2.144s] Level 1:colcon.colcon_core.package_identification:_identify(.) by extension 'ros'
[2.218s] Level 1:colcon.colcon_core.package_identification:_identify(.) by extensions ['cmake', 'python']
[2.219s] Level 1:colcon.colcon_core.package_identification:_identify(.) by extension 'cmake'
[2.219s] Level 1:colcon.colcon_core.package_identification:_identify(.) by extension 'python'
[2.219s] Level 1:colcon.colcon_core.package_identification:_identify(.) by extensions ['python_setup_py']
[2.219s] Level 1:colcon.colcon_core.package_identification:_identify(.) by extension 'python_setup_py'
[2.220s] Level 1:colcon.colcon_core.package_identification:_identify(build) by extensions ['ignore', 'ignore_ament_install']
[2.220s] Level 1:colcon.colcon_core.package_identification:_identify(build) by extension 'ignore'
[2.220s] Level 1:colcon.colcon_core.package_identification:_identify(build) ignored
[2.221s] Level 1:colcon.colcon_core.package_identification:_identify(install) by extensions ['ignore', 'ignore_ament_install']
[2.221s] Level 1:colcon.colcon_core.package_identification:_identify(install) by extension 'ignore'
[2.221s] Level 1:colcon.colcon_core.package_identification:_identify(install) ignored
[2.222s] Level 1:colcon.colcon_core.package_identification:_identify(log) by extensions ['ignore', 'ignore_ament_install']
[2.222s] Level 1:colcon.colcon_core.package_identification:_identify(log) by extension 'ignore'
[2.222s] Level 1:colcon.colcon_core.package_identification:_identify(log) ignored
[2.223s] Level 1:colcon.colcon_core.package_identification:_identify(src) by extensions ['ignore', 'ignore_ament_install']
[2.223s] Level 1:colcon.colcon_core.package_identification:_identify(src) by extension 'ignore'
[2.223s] Level 1:colcon.colcon_core.package_identification:_identify(src) by extension 'ignore_ament_install'
[2.223s] Level 1:colcon.colcon_core.package_identification:_identify(src) by extensions ['colcon_pkg']
[2.224s] Level 1:colcon.colcon_core.package_identification:_identify(src) by extension 'colcon_pkg'
[2.224s] Level 1:colcon.colcon_core.package_identification:_identify(src) by extensions ['colcon_meta']
[2.224s] Level 1:colcon.colcon_core.package_identification:_identify(src) by extension 'colcon_meta'
[2.224s] Level 1:colcon.colcon_core.package_identification:_identify(src) by extensions ['ros']
[2.224s] Level 1:colcon.colcon_core.package_identification:_identify(src) by extension 'ros'
[2.224s] Level 1:colcon.colcon_core.package_identification:_identify(src) by extensions ['cmake', 'python']
[2.225s] Level 1:colcon.colcon_core.package_identification:_identify(src) by extension 'cmake'
[2.225s] Level 1:colcon.colcon_core.package_identification:_identify(src) by extension 'python'
[2.225s] Level 1:colcon.colcon_core.package_identification:_identify(src) by extensions ['python_setup_py']
[2.225s] Level 1:colcon.colcon_core.package_identification:_identify(src) by extension 'python_setup_py'
[2.225s] Level 1:colcon.colcon_core.package_identification:_identify(src/my_pkg) by extensions ['ignore', 'ignore_ament_install']
[2.226s] Level 1:colcon.colcon_core.package_identification:_identify(src/my_pkg) by extension 'ignore'
[2.226s] Level 1:colcon.colcon_core.package_identification:_identify(src/my_pkg) by extension 'ignore_ament_install'
[2.226s] Level 1:colcon.colcon_core.package_identification:_identify(src/my_pkg) by extensions ['colcon_pkg']
[2.226s] Level 1:colcon.colcon_core.package_identification:_identify(src/my_pkg) by extension 'colcon_pkg'
[2.226s] Level 1:colcon.colcon_core.package_identification:_identify(src/my_pkg) by extensions ['colcon_meta']
[2.227s] Level 1:colcon.colcon_core.package_identification:_identify(src/my_pkg) by extension 'colcon_meta'
[2.227s] Level 1:colcon.colcon_core.package_identification:_identify(src/my_pkg) by extensions ['ros']
[2.227s] Level 1:colcon.colcon_core.package_identification:_identify(src/my_pkg) by extension 'ros'
[2.240s] DEBUG:colcon.colcon_core.package_identification:Package 'src/my_pkg' with type 'ros.ament_python' and name 'my_pkg'
[2.241s] Level 1:colcon.colcon_core.package_identification:_identify(src/py_pubsub) by extensions ['ignore', 'ignore_ament_install']
[2.241s] Level 1:colcon.colcon_core.package_identification:_identify(src/py_pubsub) by extension 'ignore'
[2.241s] Level 1:colcon.colcon_core.package_identification:_identify(src/py_pubsub) by extension 'ignore_ament_install'
[2.242s] Level 1:colcon.colcon_core.package_identification:_identify(src/py_pubsub) by extensions ['colcon_pkg']
[2.242s] Level 1:colcon.colcon_core.package_identification:_identify(src/py_pubsub) by extension 'colcon_pkg'
[2.242s] Level 1:colcon.colcon_core.package_identification:_identify(src/py_pubsub) by extensions ['colcon_meta']
[2.242s] Level 1:colcon.colcon_core.package_identification:_identify(src/py_pubsub) by extension 'colcon_meta'
[2.242s] Level 1:colcon.colcon_core.package_identification:_identify(src/py_pubsub) by extensions ['ros']
[2.243s] Level 1:colcon.colcon_core.package_identification:_identify(src/py_pubsub) by extension 'ros'
[2.246s] DEBUG:colcon.colcon_core.package_identification:Package 'src/py_pubsub' with type 'ros.ament_python' and name 'py_pubsub'
[2.247s] Level 1:colcon.colcon_core.package_identification:_identify(src/robocon) by extensions ['ignore', 'ignore_ament_install']
[2.248s] Level 1:colcon.colcon_core.package_identification:_identify(src/robocon) by extension 'ignore'
[2.248s] Level 1:colcon.colcon_core.package_identification:_identify(src/robocon) by extension 'ignore_ament_install'
[2.248s] Level 1:colcon.colcon_core.package_identification:_identify(src/robocon) by extensions ['colcon_pkg']
[2.248s] Level 1:colcon.colcon_core.package_identification:_identify(src/robocon) by extension 'colcon_pkg'
[2.248s] Level 1:colcon.colcon_core.package_identification:_identify(src/robocon) by extensions ['colcon_meta']
[2.249s] Level 1:colcon.colcon_core.package_identification:_identify(src/robocon) by extension 'colcon_meta'
[2.249s] Level 1:colcon.colcon_core.package_identification:_identify(src/robocon) by extensions ['ros']
[2.249s] Level 1:colcon.colcon_core.package_identification:_identify(src/robocon) by extension 'ros'
[2.252s] DEBUG:colcon.colcon_core.package_identification:Package 'src/robocon' with type 'ros.ament_python' and name 'robocon'
[2.253s] Level 1:colcon.colcon_core.package_identification:_identify(src/second_pubsub) by extensions ['ignore', 'ignore_ament_install']
[2.254s] Level 1:colcon.colcon_core.package_identification:_identify(src/second_pubsub) by extension 'ignore'
[2.254s] Level 1:colcon.colcon_core.package_identification:_identify(src/second_pubsub) by extension 'ignore_ament_install'
[2.254s] Level 1:colcon.colcon_core.package_identification:_identify(src/second_pubsub) by extensions ['colcon_pkg']
[2.254s] Level 1:colcon.colcon_core.package_identification:_identify(src/second_pubsub) by extension 'colcon_pkg'
[2.254s] Level 1:colcon.colcon_core.package_identification:_identify(src/second_pubsub) by extensions ['colcon_meta']
[2.255s] Level 1:colcon.colcon_core.package_identification:_identify(src/second_pubsub) by extension 'colcon_meta'
[2.255s] Level 1:colcon.colcon_core.package_identification:_identify(src/second_pubsub) by extensions ['ros']
[2.255s] Level 1:colcon.colcon_core.package_identification:_identify(src/second_pubsub) by extension 'ros'
[2.258s] DEBUG:colcon.colcon_core.package_identification:Package 'src/second_pubsub' with type 'ros.ament_python' and name 'second_pubsub'
[2.258s] Level 1:colcon.colcon_core.package_discovery:discover_packages(recursive) using defaults
[2.258s] Level 1:colcon.colcon_core.package_discovery:discover_packages(ignore) discover
[2.258s] Level 1:colcon.colcon_core.package_discovery:discover_packages(ignore) using defaults
[2.258s] Level 1:colcon.colcon_core.package_discovery:discover_packages(path) discover
[2.258s] Level 1:colcon.colcon_core.package_discovery:discover_packages(path) using defaults
[2.410s] INFO:colcon.colcon_core.package_selection:Skipping not selected package 'my_pkg' in 'src/my_pkg'
[2.410s] INFO:colcon.colcon_core.package_selection:Skipping not selected package 'py_pubsub' in 'src/py_pubsub'
[2.411s] INFO:colcon.colcon_core.package_selection:Skipping not selected package 'robocon' in 'src/robocon'
[2.413s] Level 1:colcon.colcon_core.package_discovery:discover_packages(prefix_path) check parameters
[2.414s] Level 1:colcon.colcon_core.package_discovery:discover_packages(prefix_path) discover
[2.428s] DEBUG:colcon.colcon_installed_package_information.package_discovery:Found 2 installed packages in /home/pi/ros2_ws/install
[2.439s] DEBUG:colcon.colcon_installed_package_information.package_discovery:Found 271 installed packages in /opt/ros/humble
[2.487s] Level 1:colcon.colcon_core.package_discovery:discover_packages(prefix_path) using defaults
[2.661s] Level 5:colcon.colcon_core.verb:set package 'second_pubsub' build argument 'cmake_args' from command line to 'None'
[2.661s] Level 5:colcon.colcon_core.verb:set package 'second_pubsub' build argument 'cmake_target' from command line to 'None'
[2.662s] Level 5:colcon.colcon_core.verb:set package 'second_pubsub' build argument 'cmake_target_skip_unavailable' from command line to 'False'
[2.662s] Level 5:colcon.colcon_core.verb:set package 'second_pubsub' build argument 'cmake_clean_cache' from command line to 'False'
[2.662s] Level 5:colcon.colcon_core.verb:set package 'second_pubsub' build argument 'cmake_clean_first' from command line to 'False'
[2.662s] Level 5:colcon.colcon_core.verb:set package 'second_pubsub' build argument 'cmake_force_configure' from command line to 'False'
[2.662s] Level 5:colcon.colcon_core.verb:set package 'second_pubsub' build argument 'ament_cmake_args' from command line to 'None'
[2.662s] Level 5:colcon.colcon_core.verb:set package 'second_pubsub' build argument 'catkin_cmake_args' from command line to 'None'
[2.662s] Level 5:colcon.colcon_core.verb:set package 'second_pubsub' build argument 'catkin_skip_building_tests' from command line to 'False'
[2.662s] DEBUG:colcon.colcon_core.verb:Building package 'second_pubsub' with the following arguments: {'ament_cmake_args': None, 'build_base': '/home/pi/ros2_ws/build/second_pubsub', 'catkin_cmake_args': None, 'catkin_skip_building_tests': False, 'cmake_args': None, 'cmake_clean_cache': False, 'cmake_clean_first': False, 'cmake_force_configure': False, 'cmake_target': None, 'cmake_target_skip_unavailable': False, 'install_base': '/home/pi/ros2_ws/install/second_pubsub', 'merge_install': False, 'path': '/home/pi/ros2_ws/src/second_pubsub', 'symlink_install': False, 'test_result_base': None}
[2.663s] INFO:colcon.colcon_core.executor:Executing jobs using 'parallel' executor
[2.666s] DEBUG:colcon.colcon_parallel_executor.executor.parallel:run_until_complete
[2.667s] INFO:colcon.colcon_ros.task.ament_python.build:Building ROS package in '/home/pi/ros2_ws/src/second_pubsub' with build type 'ament_python'
[2.667s] Level 1:colcon.colcon_core.shell:create_environment_hook('second_pubsub', 'ament_prefix_path')
[2.694s] INFO:colcon.colcon_core.plugin_system:Skipping extension 'colcon_core.shell.bat': Not used on non-Windows systems
[2.695s] INFO:colcon.colcon_core.shell:Creating environment hook '/home/pi/ros2_ws/install/second_pubsub/share/second_pubsub/hook/ament_prefix_path.ps1'
[2.701s] INFO:colcon.colcon_core.shell:Creating environment descriptor '/home/pi/ros2_ws/install/second_pubsub/share/second_pubsub/hook/ament_prefix_path.dsv'
[2.708s] INFO:colcon.colcon_core.shell:Creating environment hook '/home/pi/ros2_ws/install/second_pubsub/share/second_pubsub/hook/ament_prefix_path.sh'
[2.713s] INFO:colcon.colcon_core.shell:Skip shell extension 'powershell' for command environment: Not usable outside of PowerShell
[2.713s] DEBUG:colcon.colcon_core.shell:Skip shell extension 'dsv' for command environment
[3.930s] INFO:colcon.colcon_core.task.python.build:Building Python package in '/home/pi/ros2_ws/src/second_pubsub'
[3.931s] INFO:colcon.colcon_core.shell:Skip shell extension 'powershell' for command environment: Not usable outside of PowerShell
[3.931s] DEBUG:colcon.colcon_core.shell:Skip shell extension 'dsv' for command environment
[5.672s] DEBUG:colcon.colcon_core.event_handler.log_command:Invoking command in '/home/pi/ros2_ws/src/second_pubsub': PYTHONPATH=/home/pi/ros2_ws/build/second_pubsub/prefix_override:/usr/lib/python3/dist-packages/colcon_core/task/python/colcon_distutils_commands:/home/pi/ros2_ws/install/second_pubsub/lib/python3.10/site-packages:${PYTHONPATH} /usr/bin/python3 -W ignore:setup.py install is deprecated -W ignore:easy_install command is deprecated setup.py egg_info --egg-base ../../build/second_pubsub build --build-base /home/pi/ros2_ws/build/second_pubsub/build install --record /home/pi/ros2_ws/build/second_pubsub/install.log --single-version-externally-managed install_data
[7.031s] DEBUG:colcon.colcon_core.event_handler.log_command:Invoked command in '/home/pi/ros2_ws/src/second_pubsub' returned '0': PYTHONPATH=/home/pi/ros2_ws/build/second_pubsub/prefix_override:/usr/lib/python3/dist-packages/colcon_core/task/python/colcon_distutils_commands:/home/pi/ros2_ws/install/second_pubsub/lib/python3.10/site-packages:${PYTHONPATH} /usr/bin/python3 -W ignore:setup.py install is deprecated -W ignore:easy_install command is deprecated setup.py egg_info --egg-base ../../build/second_pubsub build --build-base /home/pi/ros2_ws/build/second_pubsub/build install --record /home/pi/ros2_ws/build/second_pubsub/install.log --single-version-externally-managed install_data
[7.058s] Level 1:colcon.colcon_core.environment:checking '/home/pi/ros2_ws/install/second_pubsub' for CMake module files
[7.061s] Level 1:colcon.colcon_core.environment:checking '/home/pi/ros2_ws/install/second_pubsub' for CMake config files
[7.066s] Level 1:colcon.colcon_core.environment:checking '/home/pi/ros2_ws/install/second_pubsub/lib'
[7.067s] Level 1:colcon.colcon_core.environment:checking '/home/pi/ros2_ws/install/second_pubsub/bin'
[7.067s] Level 1:colcon.colcon_core.environment:checking '/home/pi/ros2_ws/install/second_pubsub/lib/pkgconfig/second_pubsub.pc'
[7.068s] Level 1:colcon.colcon_core.environment:checking '/home/pi/ros2_ws/install/second_pubsub/lib/python3.10/site-packages'
[7.068s] Level 1:colcon.colcon_core.shell:create_environment_hook('second_pubsub', 'pythonpath')
[7.069s] INFO:colcon.colcon_core.shell:Creating environment hook '/home/pi/ros2_ws/install/second_pubsub/share/second_pubsub/hook/pythonpath.ps1'
[7.071s] INFO:colcon.colcon_core.shell:Creating environment descriptor '/home/pi/ros2_ws/install/second_pubsub/share/second_pubsub/hook/pythonpath.dsv'
[7.073s] INFO:colcon.colcon_core.shell:Creating environment hook '/home/pi/ros2_ws/install/second_pubsub/share/second_pubsub/hook/pythonpath.sh'
[7.076s] Level 1:colcon.colcon_core.environment:checking '/home/pi/ros2_ws/install/second_pubsub/bin'
[7.076s] Level 1:colcon.colcon_core.environment:create_environment_scripts_only(second_pubsub)
[7.078s] INFO:colcon.colcon_core.shell:Creating package script '/home/pi/ros2_ws/install/second_pubsub/share/second_pubsub/package.ps1'
[7.082s] INFO:colcon.colcon_core.shell:Creating package descriptor '/home/pi/ros2_ws/install/second_pubsub/share/second_pubsub/package.dsv'
[7.085s] INFO:colcon.colcon_core.shell:Creating package script '/home/pi/ros2_ws/install/second_pubsub/share/second_pubsub/package.sh'
[7.089s] INFO:colcon.colcon_core.shell:Creating package script '/home/pi/ros2_ws/install/second_pubsub/share/second_pubsub/package.bash'
[7.097s] INFO:colcon.colcon_core.shell:Creating package script '/home/pi/ros2_ws/install/second_pubsub/share/second_pubsub/package.zsh'
[7.103s] Level 1:colcon.colcon_core.environment:create_file_with_runtime_dependencies(/home/pi/ros2_ws/install/second_pubsub/share/colcon-core/packages/second_pubsub)
[7.105s] DEBUG:colcon.colcon_parallel_executor.executor.parallel:closing loop
[7.106s] DEBUG:colcon.colcon_parallel_executor.executor.parallel:loop closed
[7.106s] DEBUG:colcon.colcon_parallel_executor.executor.parallel:run_until_complete finished with '0'
[7.107s] DEBUG:colcon.colcon_core.event_reactor:joining thread
[7.156s] INFO:colcon.colcon_core.plugin_system:Skipping extension 'colcon_notification.desktop_notification.terminal_notifier': Not used on non-Darwin systems
[7.156s] INFO:colcon.colcon_core.plugin_system:Skipping extension 'colcon_notification.desktop_notification.win32': Not used on non-Windows systems
[7.156s] INFO:colcon.colcon_notification.desktop_notification:Sending desktop notification using 'notify2'
[7.291s] DEBUG:colcon.colcon_core.event_reactor:joined thread
[7.294s] INFO:colcon.colcon_core.shell:Creating prefix script '/home/pi/ros2_ws/install/local_setup.ps1'
[7.302s] INFO:colcon.colcon_core.shell:Creating prefix util module '/home/pi/ros2_ws/install/_local_setup_util_ps1.py'
[7.311s] INFO:colcon.colcon_core.shell:Creating prefix chain script '/home/pi/ros2_ws/install/setup.ps1'
[7.320s] INFO:colcon.colcon_core.shell:Creating prefix script '/home/pi/ros2_ws/install/local_setup.sh'
[7.326s] INFO:colcon.colcon_core.shell:Creating prefix util module '/home/pi/ros2_ws/install/_local_setup_util_sh.py'
[7.330s] INFO:colcon.colcon_core.shell:Creating prefix chain script '/home/pi/ros2_ws/install/setup.sh'
[7.337s] INFO:colcon.colcon_core.shell:Creating prefix script '/home/pi/ros2_ws/install/local_setup.bash'
[7.344s] INFO:colcon.colcon_core.shell:Creating prefix chain script '/home/pi/ros2_ws/install/setup.bash'
[7.350s] INFO:colcon.colcon_core.shell:Creating prefix script '/home/pi/ros2_ws/install/local_setup.zsh'
[7.355s] INFO:colcon.colcon_core.shell:Creating prefix chain script '/home/pi/ros2_ws/install/setup.zsh'
