[0.440s] DEBUG:colcon:Command line arguments: ['/usr/bin/colcon', 'build']
[0.440s] DEBUG:colcon:Parsed command line arguments: Namespace(log_base=None, log_level=None, verb_name='build', build_base='build', install_base='install', merge_install=False, symlink_install=False, test_result_base=None, continue_on_error=False, executor='parallel', parallel_workers=4, event_handlers=None, ignore_user_meta=False, metas=['./colcon.meta'], base_paths=['.'], packages_ignore=None, packages_ignore_regex=None, paths=None, packages_up_to=None, packages_up_to_regex=None, packages_above=None, packages_above_and_dependencies=None, packages_above_depth=None, packages_select_by_dep=None, packages_skip_by_dep=None, packages_skip_up_to=None, packages_select_build_failed=False, packages_skip_build_finished=False, packages_select_test_failures=False, packages_skip_test_passed=False, packages_select=None, packages_skip=None, packages_select_regex=None, packages_skip_regex=None, packages_start=None, packages_end=None, allow_overriding=[], cmake_args=None, cmake_target=None, cmake_target_skip_unavailable=False, cmake_clean_cache=False, cmake_clean_first=False, cmake_force_configure=False, ament_cmake_args=None, catkin_cmake_args=None, catkin_skip_building_tests=False, verb_parser=<colcon_defaults.argument_parser.defaults.DefaultArgumentsDecorator object at 0xffff9a7cbaf0>, verb_extension=<colcon_core.verb.build.BuildVerb object at 0xffff9a9b0f10>, main=<bound method BuildVerb.main of <colcon_core.verb.build.BuildVerb object at 0xffff9a9b0f10>>)
[1.282s] Level 1:colcon.colcon_core.package_discovery:discover_packages(colcon_meta) check parameters
[1.283s] Level 1:colcon.colcon_core.package_discovery:discover_packages(recursive) check parameters
[1.283s] Level 1:colcon.colcon_core.package_discovery:discover_packages(ignore) check parameters
[1.283s] Level 1:colcon.colcon_core.package_discovery:discover_packages(path) check parameters
[1.283s] Level 1:colcon.colcon_core.package_discovery:discover_packages(colcon_meta) discover
[1.283s] Level 1:colcon.colcon_core.package_discovery:discover_packages(recursive) discover
[1.283s] INFO:colcon.colcon_core.package_discovery:Crawling recursively for packages in '/home/pi/ros_with_controller/src/second_pubsub'
[1.284s] Level 1:colcon.colcon_core.package_identification:_identify(.) by extensions ['ignore', 'ignore_ament_install']
[1.284s] Level 1:colcon.colcon_core.package_identification:_identify(.) by extension 'ignore'
[1.284s] Level 1:colcon.colcon_core.package_identification:_identify(.) by extension 'ignore_ament_install'
[1.284s] Level 1:colcon.colcon_core.package_identification:_identify(.) by extensions ['colcon_pkg']
[1.285s] Level 1:colcon.colcon_core.package_identification:_identify(.) by extension 'colcon_pkg'
[1.285s] Level 1:colcon.colcon_core.package_identification:_identify(.) by extensions ['colcon_meta']
[1.285s] Level 1:colcon.colcon_core.package_identification:_identify(.) by extension 'colcon_meta'
[1.285s] Level 1:colcon.colcon_core.package_identification:_identify(.) by extensions ['ros']
[1.285s] Level 1:colcon.colcon_core.package_identification:_identify(.) by extension 'ros'
[1.343s] DEBUG:colcon.colcon_core.package_identification:Package '.' with type 'ros.ament_python' and name 'second_pubsub'
[1.343s] Level 1:colcon.colcon_core.package_discovery:discover_packages(recursive) using defaults
[1.344s] Level 1:colcon.colcon_core.package_discovery:discover_packages(ignore) discover
[1.344s] Level 1:colcon.colcon_core.package_discovery:discover_packages(ignore) using defaults
[1.344s] Level 1:colcon.colcon_core.package_discovery:discover_packages(path) discover
[1.344s] Level 1:colcon.colcon_core.package_discovery:discover_packages(path) using defaults
[1.424s] Level 1:colcon.colcon_core.package_discovery:discover_packages(prefix_path) check parameters
[1.424s] Level 1:colcon.colcon_core.package_discovery:discover_packages(prefix_path) discover
[1.467s] DEBUG:colcon.colcon_installed_package_information.package_discovery:Found 0 installed packages in /home/pi/ros_with_controller/src/second_pubsub/second_pubsub/install
[1.476s] DEBUG:colcon.colcon_installed_package_information.package_discovery:Found 277 installed packages in /opt/ros/humble
[1.482s] Level 1:colcon.colcon_core.package_discovery:discover_packages(prefix_path) using defaults
[1.648s] Level 5:colcon.colcon_core.verb:set package 'second_pubsub' build argument 'cmake_args' from command line to 'None'
[1.648s] Level 5:colcon.colcon_core.verb:set package 'second_pubsub' build argument 'cmake_target' from command line to 'None'
[1.648s] Level 5:colcon.colcon_core.verb:set package 'second_pubsub' build argument 'cmake_target_skip_unavailable' from command line to 'False'
[1.649s] Level 5:colcon.colcon_core.verb:set package 'second_pubsub' build argument 'cmake_clean_cache' from command line to 'False'
[1.649s] Level 5:colcon.colcon_core.verb:set package 'second_pubsub' build argument 'cmake_clean_first' from command line to 'False'
[1.649s] Level 5:colcon.colcon_core.verb:set package 'second_pubsub' build argument 'cmake_force_configure' from command line to 'False'
[1.649s] Level 5:colcon.colcon_core.verb:set package 'second_pubsub' build argument 'ament_cmake_args' from command line to 'None'
[1.649s] Level 5:colcon.colcon_core.verb:set package 'second_pubsub' build argument 'catkin_cmake_args' from command line to 'None'
[1.649s] Level 5:colcon.colcon_core.verb:set package 'second_pubsub' build argument 'catkin_skip_building_tests' from command line to 'False'
[1.649s] DEBUG:colcon.colcon_core.verb:Building package 'second_pubsub' with the following arguments: {'ament_cmake_args': None, 'build_base': '/home/pi/ros_with_controller/src/second_pubsub/build/second_pubsub', 'catkin_cmake_args': None, 'catkin_skip_building_tests': False, 'cmake_args': None, 'cmake_clean_cache': False, 'cmake_clean_first': False, 'cmake_force_configure': False, 'cmake_target': None, 'cmake_target_skip_unavailable': False, 'install_base': '/home/pi/ros_with_controller/src/second_pubsub/install/second_pubsub', 'merge_install': False, 'path': '/home/pi/ros_with_controller/src/second_pubsub', 'symlink_install': False, 'test_result_base': None}
[1.650s] INFO:colcon.colcon_core.executor:Executing jobs using 'parallel' executor
[1.653s] DEBUG:colcon.colcon_parallel_executor.executor.parallel:run_until_complete
[1.654s] INFO:colcon.colcon_ros.task.ament_python.build:Building ROS package in '/home/pi/ros_with_controller/src/second_pubsub' with build type 'ament_python'
[1.654s] Level 1:colcon.colcon_core.shell:create_environment_hook('second_pubsub', 'ament_prefix_path')
[1.663s] INFO:colcon.colcon_core.plugin_system:Skipping extension 'colcon_core.shell.bat': Not used on non-Windows systems
[1.664s] INFO:colcon.colcon_core.shell:Creating environment hook '/home/pi/ros_with_controller/src/second_pubsub/install/second_pubsub/share/second_pubsub/hook/ament_prefix_path.ps1'
[1.668s] INFO:colcon.colcon_core.shell:Creating environment descriptor '/home/pi/ros_with_controller/src/second_pubsub/install/second_pubsub/share/second_pubsub/hook/ament_prefix_path.dsv'
[1.671s] INFO:colcon.colcon_core.shell:Creating environment hook '/home/pi/ros_with_controller/src/second_pubsub/install/second_pubsub/share/second_pubsub/hook/ament_prefix_path.sh'
[1.675s] INFO:colcon.colcon_core.shell:Skip shell extension 'powershell' for command environment: Not usable outside of PowerShell
[1.675s] DEBUG:colcon.colcon_core.shell:Skip shell extension 'dsv' for command environment
[2.908s] INFO:colcon.colcon_core.task.python.build:Building Python package in '/home/pi/ros_with_controller/src/second_pubsub'
[2.909s] INFO:colcon.colcon_core.shell:Skip shell extension 'powershell' for command environment: Not usable outside of PowerShell
[2.909s] DEBUG:colcon.colcon_core.shell:Skip shell extension 'dsv' for command environment
[4.612s] DEBUG:colcon.colcon_core.event_handler.log_command:Invoking command in '/home/pi/ros_with_controller/src/second_pubsub': PYTHONPATH=/home/pi/ros_with_controller/src/second_pubsub/build/second_pubsub/prefix_override:/usr/lib/python3/dist-packages/colcon_core/task/python/colcon_distutils_commands:/home/pi/ros_with_controller/src/second_pubsub/install/second_pubsub/lib/python3.10/site-packages:${PYTHONPATH} /usr/bin/python3 -W ignore:setup.py install is deprecated -W ignore:easy_install command is deprecated setup.py egg_info --egg-base build/second_pubsub build --build-base /home/pi/ros_with_controller/src/second_pubsub/build/second_pubsub/build install --record /home/pi/ros_with_controller/src/second_pubsub/build/second_pubsub/install.log --single-version-externally-managed install_data
[5.999s] DEBUG:colcon.colcon_core.event_handler.log_command:Invoked command in '/home/pi/ros_with_controller/src/second_pubsub' returned '0': PYTHONPATH=/home/pi/ros_with_controller/src/second_pubsub/build/second_pubsub/prefix_override:/usr/lib/python3/dist-packages/colcon_core/task/python/colcon_distutils_commands:/home/pi/ros_with_controller/src/second_pubsub/install/second_pubsub/lib/python3.10/site-packages:${PYTHONPATH} /usr/bin/python3 -W ignore:setup.py install is deprecated -W ignore:easy_install command is deprecated setup.py egg_info --egg-base build/second_pubsub build --build-base /home/pi/ros_with_controller/src/second_pubsub/build/second_pubsub/build install --record /home/pi/ros_with_controller/src/second_pubsub/build/second_pubsub/install.log --single-version-externally-managed install_data
[6.022s] Level 1:colcon.colcon_core.environment:checking '/home/pi/ros_with_controller/src/second_pubsub/install/second_pubsub' for CMake module files
[6.025s] Level 1:colcon.colcon_core.environment:checking '/home/pi/ros_with_controller/src/second_pubsub/install/second_pubsub' for CMake config files
[6.029s] Level 1:colcon.colcon_core.environment:checking '/home/pi/ros_with_controller/src/second_pubsub/install/second_pubsub/lib'
[6.030s] Level 1:colcon.colcon_core.environment:checking '/home/pi/ros_with_controller/src/second_pubsub/install/second_pubsub/bin'
[6.031s] Level 1:colcon.colcon_core.environment:checking '/home/pi/ros_with_controller/src/second_pubsub/install/second_pubsub/lib/pkgconfig/second_pubsub.pc'
[6.032s] Level 1:colcon.colcon_core.environment:checking '/home/pi/ros_with_controller/src/second_pubsub/install/second_pubsub/lib/python3.10/site-packages'
[6.032s] Level 1:colcon.colcon_core.shell:create_environment_hook('second_pubsub', 'pythonpath')
[6.033s] INFO:colcon.colcon_core.shell:Creating environment hook '/home/pi/ros_with_controller/src/second_pubsub/install/second_pubsub/share/second_pubsub/hook/pythonpath.ps1'
[6.035s] INFO:colcon.colcon_core.shell:Creating environment descriptor '/home/pi/ros_with_controller/src/second_pubsub/install/second_pubsub/share/second_pubsub/hook/pythonpath.dsv'
[6.036s] INFO:colcon.colcon_core.shell:Creating environment hook '/home/pi/ros_with_controller/src/second_pubsub/install/second_pubsub/share/second_pubsub/hook/pythonpath.sh'
[6.039s] Level 1:colcon.colcon_core.environment:checking '/home/pi/ros_with_controller/src/second_pubsub/install/second_pubsub/bin'
[6.039s] Level 1:colcon.colcon_core.environment:create_environment_scripts_only(second_pubsub)
[6.041s] INFO:colcon.colcon_core.shell:Creating package script '/home/pi/ros_with_controller/src/second_pubsub/install/second_pubsub/share/second_pubsub/package.ps1'
[6.045s] INFO:colcon.colcon_core.shell:Creating package descriptor '/home/pi/ros_with_controller/src/second_pubsub/install/second_pubsub/share/second_pubsub/package.dsv'
[6.048s] INFO:colcon.colcon_core.shell:Creating package script '/home/pi/ros_with_controller/src/second_pubsub/install/second_pubsub/share/second_pubsub/package.sh'
[6.052s] INFO:colcon.colcon_core.shell:Creating package script '/home/pi/ros_with_controller/src/second_pubsub/install/second_pubsub/share/second_pubsub/package.bash'
[6.056s] INFO:colcon.colcon_core.shell:Creating package script '/home/pi/ros_with_controller/src/second_pubsub/install/second_pubsub/share/second_pubsub/package.zsh'
[6.059s] Level 1:colcon.colcon_core.environment:create_file_with_runtime_dependencies(/home/pi/ros_with_controller/src/second_pubsub/install/second_pubsub/share/colcon-core/packages/second_pubsub)
[6.061s] DEBUG:colcon.colcon_parallel_executor.executor.parallel:closing loop
[6.062s] DEBUG:colcon.colcon_parallel_executor.executor.parallel:loop closed
[6.063s] DEBUG:colcon.colcon_parallel_executor.executor.parallel:run_until_complete finished with '0'
[6.063s] DEBUG:colcon.colcon_core.event_reactor:joining thread
[6.082s] INFO:colcon.colcon_core.plugin_system:Skipping extension 'colcon_notification.desktop_notification.terminal_notifier': Not used on non-Darwin systems
[6.083s] INFO:colcon.colcon_core.plugin_system:Skipping extension 'colcon_notification.desktop_notification.win32': Not used on non-Windows systems
[6.083s] INFO:colcon.colcon_notification.desktop_notification:Sending desktop notification using 'notify2'
[6.159s] DEBUG:colcon.colcon_core.event_reactor:joined thread
[6.160s] INFO:colcon.colcon_core.shell:Creating prefix script '/home/pi/ros_with_controller/src/second_pubsub/install/local_setup.ps1'
[6.165s] INFO:colcon.colcon_core.shell:Creating prefix util module '/home/pi/ros_with_controller/src/second_pubsub/install/_local_setup_util_ps1.py'
[6.174s] INFO:colcon.colcon_core.shell:Creating prefix chain script '/home/pi/ros_with_controller/src/second_pubsub/install/setup.ps1'
[6.180s] INFO:colcon.colcon_core.shell:Creating prefix script '/home/pi/ros_with_controller/src/second_pubsub/install/local_setup.sh'
[6.184s] INFO:colcon.colcon_core.shell:Creating prefix util module '/home/pi/ros_with_controller/src/second_pubsub/install/_local_setup_util_sh.py'
[6.188s] INFO:colcon.colcon_core.shell:Creating prefix chain script '/home/pi/ros_with_controller/src/second_pubsub/install/setup.sh'
[6.194s] INFO:colcon.colcon_core.shell:Creating prefix script '/home/pi/ros_with_controller/src/second_pubsub/install/local_setup.bash'
[6.197s] INFO:colcon.colcon_core.shell:Creating prefix chain script '/home/pi/ros_with_controller/src/second_pubsub/install/setup.bash'
[6.202s] INFO:colcon.colcon_core.shell:Creating prefix script '/home/pi/ros_with_controller/src/second_pubsub/install/local_setup.zsh'
[6.205s] INFO:colcon.colcon_core.shell:Creating prefix chain script '/home/pi/ros_with_controller/src/second_pubsub/install/setup.zsh'
