[2.865s] Invoking command in '/home/pi/ros2_ws/src/py_pubsub': PYTHONPATH=/home/pi/ros2_ws/build/py_pubsub/prefix_override:/usr/lib/python3/dist-packages/colcon_core/task/python/colcon_distutils_commands:/home/pi/ros2_ws/install/py_pubsub/lib/python3.10/site-packages:${PYTHONPATH} /usr/bin/python3 -W ignore:setup.py install is deprecated -W ignore:easy_install command is deprecated setup.py egg_info --egg-base ../../build/py_pubsub build --build-base /home/pi/ros2_ws/build/py_pubsub/build install --record /home/pi/ros2_ws/build/py_pubsub/install.log --single-version-externally-managed install_data
[4.011s] running egg_info
[4.014s] writing ../../build/py_pubsub/py_pubsub.egg-info/PKG-INFO
[4.015s] writing dependency_links to ../../build/py_pubsub/py_pubsub.egg-info/dependency_links.txt
[4.016s] writing entry points to ../../build/py_pubsub/py_pubsub.egg-info/entry_points.txt
[4.017s] writing requirements to ../../build/py_pubsub/py_pubsub.egg-info/requires.txt
[4.018s] writing top-level names to ../../build/py_pubsub/py_pubsub.egg-info/top_level.txt
[4.026s] reading manifest file '../../build/py_pubsub/py_pubsub.egg-info/SOURCES.txt'
[4.030s] writing manifest file '../../build/py_pubsub/py_pubsub.egg-info/SOURCES.txt'
[4.031s] running build
[4.031s] running build_py
[4.033s] running install
[4.034s] running install_lib
[4.040s] running install_data
[4.041s] running install_egg_info
[4.048s] removing '/home/pi/ros2_ws/install/py_pubsub/lib/python3.10/site-packages/py_pubsub-0.0.0-py3.10.egg-info' (and everything under it)
[4.050s] Copying ../../build/py_pubsub/py_pubsub.egg-info to /home/pi/ros2_ws/install/py_pubsub/lib/python3.10/site-packages/py_pubsub-0.0.0-py3.10.egg-info
[4.055s] running install_scripts
[4.146s] Installing talker = py_pubsub.publisher_member_function:mainlistner script to /home/pi/ros2_ws/install/py_pubsub/lib/py_pubsub
[4.147s] writing list of installed files to '/home/pi/ros2_ws/build/py_pubsub/install.log'
[4.288s] Invoked command in '/home/pi/ros2_ws/src/py_pubsub' returned '0': PYTHONPATH=/home/pi/ros2_ws/build/py_pubsub/prefix_override:/usr/lib/python3/dist-packages/colcon_core/task/python/colcon_distutils_commands:/home/pi/ros2_ws/install/py_pubsub/lib/python3.10/site-packages:${PYTHONPATH} /usr/bin/python3 -W ignore:setup.py install is deprecated -W ignore:easy_install command is deprecated setup.py egg_info --egg-base ../../build/py_pubsub build --build-base /home/pi/ros2_ws/build/py_pubsub/build install --record /home/pi/ros2_ws/build/py_pubsub/install.log --single-version-externally-managed install_data
