[3.415s] Invoking command in '/home/pi/ros2_ws/src/py_pubsub': PYTHONPATH=/home/pi/ros2_ws/build/py_pubsub/prefix_override:/usr/lib/python3/dist-packages/colcon_core/task/python/colcon_distutils_commands:/home/pi/ros2_ws/install/py_pubsub/lib/python3.10/site-packages:${PYTHONPATH} /usr/bin/python3 -W ignore:setup.py install is deprecated -W ignore:easy_install command is deprecated setup.py egg_info --egg-base ../../build/py_pubsub build --build-base /home/pi/ros2_ws/build/py_pubsub/build install --record /home/pi/ros2_ws/build/py_pubsub/install.log --single-version-externally-managed install_data
[4.694s] running egg_info
[4.697s] writing ../../build/py_pubsub/py_pubsub.egg-info/PKG-INFO
[4.698s] writing dependency_links to ../../build/py_pubsub/py_pubsub.egg-info/dependency_links.txt
[4.699s] writing entry points to ../../build/py_pubsub/py_pubsub.egg-info/entry_points.txt
[4.700s] writing requirements to ../../build/py_pubsub/py_pubsub.egg-info/requires.txt
[4.701s] writing top-level names to ../../build/py_pubsub/py_pubsub.egg-info/top_level.txt
[4.712s] reading manifest file '../../build/py_pubsub/py_pubsub.egg-info/SOURCES.txt'
[4.716s] writing manifest file '../../build/py_pubsub/py_pubsub.egg-info/SOURCES.txt'
[4.717s] running build
[4.717s] running build_py
[4.719s] copying py_pubsub/subscriber_member_function.py -> /home/pi/ros2_ws/build/py_pubsub/build/lib/py_pubsub
[4.720s] running install
[4.721s] running install_lib
[4.725s] copying /home/pi/ros2_ws/build/py_pubsub/build/lib/py_pubsub/subscriber_member_function.py -> /home/pi/ros2_ws/install/py_pubsub/lib/python3.10/site-packages/py_pubsub
[4.728s] byte-compiling /home/pi/ros2_ws/install/py_pubsub/lib/python3.10/site-packages/py_pubsub/subscriber_member_function.py to subscriber_member_function.cpython-310.pyc
[4.730s] running install_data
[4.731s] running install_egg_info
[4.740s] removing '/home/pi/ros2_ws/install/py_pubsub/lib/python3.10/site-packages/py_pubsub-0.0.0-py3.10.egg-info' (and everything under it)
[4.742s] Copying ../../build/py_pubsub/py_pubsub.egg-info to /home/pi/ros2_ws/install/py_pubsub/lib/python3.10/site-packages/py_pubsub-0.0.0-py3.10.egg-info
[4.750s] running install_scripts
[4.849s] Installing listner script to /home/pi/ros2_ws/install/py_pubsub/lib/py_pubsub
[4.850s] Installing talker script to /home/pi/ros2_ws/install/py_pubsub/lib/py_pubsub
[4.852s] writing list of installed files to '/home/pi/ros2_ws/build/py_pubsub/install.log'
[4.991s] Invoked command in '/home/pi/ros2_ws/src/py_pubsub' returned '0': PYTHONPATH=/home/pi/ros2_ws/build/py_pubsub/prefix_override:/usr/lib/python3/dist-packages/colcon_core/task/python/colcon_distutils_commands:/home/pi/ros2_ws/install/py_pubsub/lib/python3.10/site-packages:${PYTHONPATH} /usr/bin/python3 -W ignore:setup.py install is deprecated -W ignore:easy_install command is deprecated setup.py egg_info --egg-base ../../build/py_pubsub build --build-base /home/pi/ros2_ws/build/py_pubsub/build install --record /home/pi/ros2_ws/build/py_pubsub/install.log --single-version-externally-managed install_data
