[2.853s] Invoking command in '/home/pi/ros2_ws/src/second_pubsub': PYTHONPATH=/home/pi/ros2_ws/build/second_pubsub/prefix_override:/usr/lib/python3/dist-packages/colcon_core/task/python/colcon_distutils_commands:/home/pi/ros2_ws/install/second_pubsub/lib/python3.10/site-packages:${PYTHONPATH} /usr/bin/python3 -W ignore:setup.py install is deprecated -W ignore:easy_install command is deprecated setup.py egg_info --egg-base ../../build/second_pubsub build --build-base /home/pi/ros2_ws/build/second_pubsub/build install --record /home/pi/ros2_ws/build/second_pubsub/install.log --single-version-externally-managed install_data
[3.978s] running egg_info
[3.981s] writing ../../build/second_pubsub/second_pubsub.egg-info/PKG-INFO
[3.982s] writing dependency_links to ../../build/second_pubsub/second_pubsub.egg-info/dependency_links.txt
[3.983s] writing entry points to ../../build/second_pubsub/second_pubsub.egg-info/entry_points.txt
[3.984s] writing requirements to ../../build/second_pubsub/second_pubsub.egg-info/requires.txt
[3.985s] writing top-level names to ../../build/second_pubsub/second_pubsub.egg-info/top_level.txt
[3.993s] reading manifest file '../../build/second_pubsub/second_pubsub.egg-info/SOURCES.txt'
[3.997s] writing manifest file '../../build/second_pubsub/second_pubsub.egg-info/SOURCES.txt'
[3.997s] running build
[3.998s] running build_py
[3.999s] copying second_pubsub/listner1.py -> /home/pi/ros2_ws/build/second_pubsub/build/lib/second_pubsub
[4.001s] running install
[4.002s] running install_lib
[4.006s] copying /home/pi/ros2_ws/build/second_pubsub/build/lib/second_pubsub/listner1.py -> /home/pi/ros2_ws/install/second_pubsub/lib/python3.10/site-packages/second_pubsub
[4.010s] byte-compiling /home/pi/ros2_ws/install/second_pubsub/lib/python3.10/site-packages/second_pubsub/listner1.py to listner1.cpython-310.pyc
[4.014s] running install_data
[4.014s] running install_egg_info
[4.022s] removing '/home/pi/ros2_ws/install/second_pubsub/lib/python3.10/site-packages/second_pubsub-0.0.0-py3.10.egg-info' (and everything under it)
[4.024s] Copying ../../build/second_pubsub/second_pubsub.egg-info to /home/pi/ros2_ws/install/second_pubsub/lib/python3.10/site-packages/second_pubsub-0.0.0-py3.10.egg-info
[4.029s] running install_scripts
[4.117s] Installing listner script to /home/pi/ros2_ws/install/second_pubsub/lib/second_pubsub
[4.117s] Installing talker script to /home/pi/ros2_ws/install/second_pubsub/lib/second_pubsub
[4.120s] writing list of installed files to '/home/pi/ros2_ws/build/second_pubsub/install.log'
[4.252s] Invoked command in '/home/pi/ros2_ws/src/second_pubsub' returned '0': PYTHONPATH=/home/pi/ros2_ws/build/second_pubsub/prefix_override:/usr/lib/python3/dist-packages/colcon_core/task/python/colcon_distutils_commands:/home/pi/ros2_ws/install/second_pubsub/lib/python3.10/site-packages:${PYTHONPATH} /usr/bin/python3 -W ignore:setup.py install is deprecated -W ignore:easy_install command is deprecated setup.py egg_info --egg-base ../../build/second_pubsub build --build-base /home/pi/ros2_ws/build/second_pubsub/build install --record /home/pi/ros2_ws/build/second_pubsub/install.log --single-version-externally-managed install_data
