[2.572s] Invoking command in '/home/pi/ros_with_controller/src/second_pubsub': PYTHONPATH=/home/pi/ros_with_controller/src/second_pubsub/build/second_pubsub/prefix_override:/usr/lib/python3/dist-packages/colcon_core/task/python/colcon_distutils_commands:/home/pi/ros_with_controller/src/second_pubsub/install/second_pubsub/lib/python3.10/site-packages: /usr/bin/python3 -W ignore:setup.py install is deprecated -W ignore:easy_install command is deprecated setup.py egg_info --egg-base build/second_pubsub build --build-base /home/pi/ros_with_controller/src/second_pubsub/build/second_pubsub/build install --record /home/pi/ros_with_controller/src/second_pubsub/build/second_pubsub/install.log --single-version-externally-managed install_data
[3.595s] running egg_info
[3.598s] writing build/second_pubsub/second_pubsub.egg-info/PKG-INFO
[3.599s] writing dependency_links to build/second_pubsub/second_pubsub.egg-info/dependency_links.txt
[3.600s] writing entry points to build/second_pubsub/second_pubsub.egg-info/entry_points.txt
[3.601s] writing requirements to build/second_pubsub/second_pubsub.egg-info/requires.txt
[3.601s] writing top-level names to build/second_pubsub/second_pubsub.egg-info/top_level.txt
[3.609s] reading manifest file 'build/second_pubsub/second_pubsub.egg-info/SOURCES.txt'
[3.613s] writing manifest file 'build/second_pubsub/second_pubsub.egg-info/SOURCES.txt'
[3.614s] running build
[3.614s] running build_py
[3.616s] copying second_pubsub/talker3.py -> /home/pi/ros_with_controller/src/second_pubsub/build/second_pubsub/build/lib/second_pubsub
[3.618s] running install
[3.620s] running install_lib
[3.623s] copying /home/pi/ros_with_controller/src/second_pubsub/build/second_pubsub/build/lib/second_pubsub/talker3.py -> /home/pi/ros_with_controller/src/second_pubsub/install/second_pubsub/lib/python3.10/site-packages/second_pubsub
[3.627s] byte-compiling /home/pi/ros_with_controller/src/second_pubsub/install/second_pubsub/lib/python3.10/site-packages/second_pubsub/talker3.py to talker3.cpython-310.pyc
[3.631s] running install_data
[3.632s] running install_egg_info
[3.639s] removing '/home/pi/ros_with_controller/src/second_pubsub/install/second_pubsub/lib/python3.10/site-packages/second_pubsub-0.0.0-py3.10.egg-info' (and everything under it)
[3.641s] Copying build/second_pubsub/second_pubsub.egg-info to /home/pi/ros_with_controller/src/second_pubsub/install/second_pubsub/lib/python3.10/site-packages/second_pubsub-0.0.0-py3.10.egg-info
[3.647s] running install_scripts
[3.734s] Installing listner script to /home/pi/ros_with_controller/src/second_pubsub/install/second_pubsub/lib/second_pubsub
[3.735s] Installing talker script to /home/pi/ros_with_controller/src/second_pubsub/install/second_pubsub/lib/second_pubsub
[3.738s] writing list of installed files to '/home/pi/ros_with_controller/src/second_pubsub/build/second_pubsub/install.log'
[3.881s] Invoked command in '/home/pi/ros_with_controller/src/second_pubsub' returned '0': PYTHONPATH=/home/pi/ros_with_controller/src/second_pubsub/build/second_pubsub/prefix_override:/usr/lib/python3/dist-packages/colcon_core/task/python/colcon_distutils_commands:/home/pi/ros_with_controller/src/second_pubsub/install/second_pubsub/lib/python3.10/site-packages: /usr/bin/python3 -W ignore:setup.py install is deprecated -W ignore:easy_install command is deprecated setup.py egg_info --egg-base build/second_pubsub build --build-base /home/pi/ros_with_controller/src/second_pubsub/build/second_pubsub/build install --record /home/pi/ros_with_controller/src/second_pubsub/build/second_pubsub/install.log --single-version-externally-managed install_data
